c:\users\rasiel\documents\github\glowy2d\engine\release\vc120.pdb
c:\users\rasiel\documents\github\glowy2d\engine\release\main_win32.obj
c:\users\rasiel\documents\github\glowy2d\engine\release\textureinfo.obj
c:\users\rasiel\documents\github\glowy2d\engine\release\texturedata.obj
c:\users\rasiel\documents\github\glowy2d\engine\release\textureatlas.obj
c:\users\rasiel\documents\github\glowy2d\engine\release\tex2d.obj
c:\users\rasiel\documents\github\glowy2d\engine\release\layer.obj
c:\users\rasiel\documents\github\glowy2d\engine\release\interfaceobject2d.obj
c:\users\rasiel\documents\github\glowy2d\engine\release\frameratecounter.obj
c:\users\rasiel\documents\github\glowy2d\engine\release\engineinitialization.obj
c:\users\rasiel\documents\github\glowy2d\engine\release\enginedirector.obj
c:\users\rasiel\documents\github\glowy2d\engine\release\scheduledaction.obj
c:\users\rasiel\documents\github\glowy2d\engine\release\stdafx.obj
c:\users\rasiel\documents\github\glowy2d\engine\release\sprite.obj
c:\users\rasiel\documents\github\glowy2d\engine\release\object3d.obj
c:\users\rasiel\documents\github\glowy2d\engine\release\object2d.obj
c:\users\rasiel\documents\github\glowy2d\engine\release\camera.obj
c:\users\rasiel\documents\github\glowy2d\engine\release\scheduler.obj
c:\users\rasiel\documents\github\glowy2d\engine\release\fileoperation.obj
c:\users\rasiel\documents\github\glowy2d\engine\release\action.obj
c:\users\rasiel\documents\github\glowy2d\engine\release\texture.obj
c:\users\rasiel\documents\github\glowy2d\engine\release\texturepartinfo.obj
c:\users\rasiel\documents\github\glowy2d\engine\release\material.obj
c:\users\rasiel\documents\github\glowy2d\engine\release\engine.pch
c:\users\rasiel\documents\github\glowy2d\engine\release\epc.obj
c:\users\rasiel\documents\github\glowy2d\engine\release\opengl.obj
c:\users\rasiel\documents\github\glowy2d\engine\release\shaderprogram.obj
c:\users\rasiel\documents\github\glowy2d\engine\release\renderer.obj
c:\users\rasiel\documents\github\glowy2d\release\engine.lib
c:\users\rasiel\documents\github\glowy2d\engine\release\engine.tlog\cl.command.1.tlog
c:\users\rasiel\documents\github\glowy2d\engine\release\engine.tlog\cl.read.1.tlog
c:\users\rasiel\documents\github\glowy2d\engine\release\engine.tlog\cl.write.1.tlog
c:\users\rasiel\documents\github\glowy2d\engine\release\engine.tlog\lib-link.read.1.tlog
c:\users\rasiel\documents\github\glowy2d\engine\release\engine.tlog\lib-link.write.1.tlog
c:\users\rasiel\documents\github\glowy2d\engine\release\engine.tlog\lib.command.1.tlog
