c:\users\rasiel\documents\github\glowy2d\engine\debug\engine.pch
c:\users\rasiel\documents\github\glowy2d\engine\debug\vc120.pdb
c:\users\rasiel\documents\github\glowy2d\engine\debug\vc120.idb
c:\users\rasiel\documents\github\glowy2d\engine\debug\epc.obj
c:\users\rasiel\documents\github\glowy2d\engine\debug\action.obj
c:\users\rasiel\documents\github\glowy2d\engine\debug\enginedirector.obj
c:\users\rasiel\documents\github\glowy2d\engine\debug\engineinitialization.obj
c:\users\rasiel\documents\github\glowy2d\engine\debug\scheduledaction.obj
c:\users\rasiel\documents\github\glowy2d\engine\debug\scheduler.obj
c:\users\rasiel\documents\github\glowy2d\engine\debug\camera.obj
c:\users\rasiel\documents\github\glowy2d\engine\debug\frameratecounter.obj
c:\users\rasiel\documents\github\glowy2d\engine\debug\interfaceobject2d.obj
c:\users\rasiel\documents\github\glowy2d\engine\debug\layer.obj
c:\users\rasiel\documents\github\glowy2d\engine\debug\object2d.obj
c:\users\rasiel\documents\github\glowy2d\engine\debug\object3d.obj
c:\users\rasiel\documents\github\glowy2d\engine\debug\sprite.obj
c:\users\rasiel\documents\github\glowy2d\engine\debug\tex2d.obj
c:\users\rasiel\documents\github\glowy2d\engine\debug\textureatlas.obj
c:\users\rasiel\documents\github\glowy2d\engine\debug\texturedata.obj
c:\users\rasiel\documents\github\glowy2d\engine\debug\texture.obj
c:\users\rasiel\documents\github\glowy2d\debug\engine.lib
c:\users\rasiel\documents\github\glowy2d\engine\debug\engine.tlog\cl.command.1.tlog
c:\users\rasiel\documents\github\glowy2d\engine\debug\engine.tlog\cl.read.1.tlog
c:\users\rasiel\documents\github\glowy2d\engine\debug\engine.tlog\cl.write.1.tlog
c:\users\rasiel\documents\github\glowy2d\engine\debug\engine.tlog\lib-link.read.1.tlog
c:\users\rasiel\documents\github\glowy2d\engine\debug\engine.tlog\lib-link.write.1.tlog
c:\users\rasiel\documents\github\glowy2d\engine\debug\engine.tlog\lib.command.1.tlog
