c:\users\rasiel\documents\github\engine\vc\engine\release\vc120.pdb
c:\users\rasiel\documents\github\engine\vc\engine\release\main_win32.obj
c:\users\rasiel\documents\github\engine\vc\engine\release\world.obj
c:\users\rasiel\documents\github\engine\vc\engine\release\textureinfo.obj
c:\users\rasiel\documents\github\engine\vc\engine\release\texturedata.obj
c:\users\rasiel\documents\github\engine\vc\engine\release\textureatlas.obj
c:\users\rasiel\documents\github\engine\vc\engine\release\tex2d.obj
c:\users\rasiel\documents\github\engine\vc\engine\release\stdafx.obj
c:\users\rasiel\documents\github\engine\vc\engine\release\sprite.obj
c:\users\rasiel\documents\github\engine\vc\engine\release\object3d.obj
c:\users\rasiel\documents\github\engine\vc\engine\release\object2d.obj
c:\users\rasiel\documents\github\engine\vc\engine\release\layer.obj
c:\users\rasiel\documents\github\engine\vc\engine\release\interfaceobject2d.obj
c:\users\rasiel\documents\github\engine\vc\engine\release\engineinitialization.obj
c:\users\rasiel\documents\github\engine\vc\engine\release\fileoperation.obj
c:\users\rasiel\documents\github\engine\vc\engine\release\enginedirector.obj
c:\users\rasiel\documents\github\engine\vc\engine\release\director.obj
c:\users\rasiel\documents\github\engine\vc\engine\release\camera.obj
c:\users\rasiel\documents\github\engine\vc\engine\release\bitmapsaver.obj
c:\users\rasiel\documents\github\engine\vc\engine\release\main.obj
c:\users\rasiel\documents\github\engine\vc\release\engine.exe
c:\users\rasiel\documents\github\engine\vc\release\engine.pdb
c:\users\rasiel\documents\github\engine\vc\engine\release\engine.tlog\cl.command.1.tlog
c:\users\rasiel\documents\github\engine\vc\engine\release\engine.tlog\cl.write.1.tlog
c:\users\rasiel\documents\github\engine\vc\engine\release\engine.tlog\link.command.1.tlog
c:\users\rasiel\documents\github\engine\vc\engine\release\engine.tlog\link.read.1.tlog
c:\users\rasiel\documents\github\engine\vc\engine\release\engine.tlog\link.write.1.tlog
