Build started 12.10.14 1:17:28.
     1>Project "C:\Users\rasiel\Documents\GitHub\Engine\VC\Engine\Engine.vcxproj" on node 2 (Build target(s)).
     1>C:\Program Files (x86)\MSBuild\Microsoft.Cpp\v4.0\V120\Microsoft.CppBuild.targets(935,5): warning MSB8027: Two or more files with the name of Director.cpp will produce outputs to the same location. This can lead to an incorrect build result.  The files involved are ..\..\Classes\Director.cpp, ..\..\EngineClasses\Director.cpp.
     1>ClCompile:
         C:\Program Files (x86)\Microsoft Visual Studio 12.0\VC\bin\CL.exe /c /IC:\Users\rasiel\Documents\GitHub\Engine\Resources /IC:\Users\rasiel\Documents\GitHub\Engine\EngineClasses /IC:\Users\rasiel\Documents\GitHub\Engine\Classes /IC:\Users\rasiel\Documents\GitHub\Engine\Dependencies\glm /IC:\Users\rasiel\Documents\GitHub\Engine\Dependencies\glfw\include /I"C:\Users\rasiel\Documents\GitHub\glfwApp\Dependencies\glew-1.11.0\include" /ZI /nologo /W3 /WX- /sdl /Od /Oy- /D _MBCS /Gm /EHsc /RTC1 /MDd /GS /fp:precise /Zc:wchar_t /Zc:forScope /Yc"stdafx.h" /Fp"Debug\Engine.pch" /Fo"Debug\\" /Fd"Debug\vc120.pdb" /Gd /TP /analyze- /errorReport:prompt ..\..\EngineClasses\EngineInitialization.cpp ..\..\EngineClasses\main_win32.cpp
         main_win32.cpp
     1>c:\users\rasiel\documents\github\engine\engineclasses\main_win32.cpp(122): warning C4244: 'argument' : conversion from 'double' to 'const float', possible loss of data
     1>c:\users\rasiel\documents\github\engine\engineclasses\main_win32.cpp(126): warning C4244: 'argument' : conversion from 'double' to 'const float', possible loss of data
     1>c:\users\rasiel\documents\github\engine\engineclasses\main_win32.cpp(176): warning C4244: '=' : conversion from 'double' to 'float', possible loss of data
         EngineInitialization.cpp
       Link:
         C:\Program Files (x86)\Microsoft Visual Studio 12.0\VC\bin\link.exe /ERRORREPORT:PROMPT /OUT:"C:\Users\rasiel\Documents\GitHub\Engine\VC\Debug\Engine.exe" /INCREMENTAL /NOLOGO /LIBPATH:"C:\Users\rasiel\Documents\GitHub\Engine\Dependencies\glfw\lib-msvc120" /LIBPATH:"C:\Users\rasiel\Documents\GitHub\Engine\Dependencies\glew-1.11.0\lib\Release\Win32" glfw3.lib glew32.lib opengl32.lib kernel32.lib user32.lib gdi32.lib winspool.lib comdlg32.lib advapi32.lib shell32.lib ole32.lib oleaut32.lib uuid.lib odbc32.lib odbccp32.lib /MANIFEST /MANIFESTUAC:"level='asInvoker' uiAccess='false'" /manifest:embed /DEBUG /PDB:"C:\Users\rasiel\Documents\GitHub\Engine\VC\Debug\Engine.pdb" /TLBID:1 /DYNAMICBASE /NXCOMPAT /IMPLIB:"C:\Users\rasiel\Documents\GitHub\Engine\VC\Debug\Engine.lib" /MACHINE:X86 Debug\Actor.obj
         Debug\Director.obj
         Debug\Main.obj
         Debug\World.obj
         Debug\Camera.obj
         Debug\Director.obj
         Debug\EngineDirector.obj
         Debug\EngineInitialization.obj
         Debug\FileOperation.obj
         Debug\InterfaceObject2D.obj
         Debug\Layer.obj
         Debug\main_win32.obj
         Debug\Object2D.obj
         Debug\Sprite.obj
         Debug\stdafx.obj
         Debug\Tex2D.obj
         Debug\TextureAtlas.obj
         Debug\TextureData.obj
         Debug\TextureInfo.obj
     1>Debug\Director.obj : warning LNK4042: object specified more than once; extras ignored
     1>LINK : warning LNK4098: defaultlib 'MSVCRT' conflicts with use of other libs; use /NODEFAULTLIB:library
         Engine.vcxproj -> C:\Users\rasiel\Documents\GitHub\Engine\VC\Debug\Engine.exe
     1>Done Building Project "C:\Users\rasiel\Documents\GitHub\Engine\VC\Engine\Engine.vcxproj" (Build target(s)).

Build succeeded.

Time Elapsed 00:00:01.50
