c:\users\rasiel\documents\github\engine\vc\engine\debug\engine.pch
c:\users\rasiel\documents\github\engine\vc\engine\debug\vc120.pdb
c:\users\rasiel\documents\github\engine\vc\engine\debug\vc120.idb
c:\users\rasiel\documents\github\engine\vc\engine\debug\textureinfo.obj
c:\users\rasiel\documents\github\engine\vc\engine\debug\texturedata.obj
c:\users\rasiel\documents\github\engine\vc\engine\debug\textureatlas.obj
c:\users\rasiel\documents\github\engine\vc\engine\debug\tex2d.obj
c:\users\rasiel\documents\github\engine\vc\engine\debug\stdafx.obj
c:\users\rasiel\documents\github\engine\vc\engine\debug\sprite.obj
c:\users\rasiel\documents\github\engine\vc\engine\debug\object2d.obj
c:\users\rasiel\documents\github\engine\vc\engine\debug\main_win32.obj
c:\users\rasiel\documents\github\engine\vc\engine\debug\layer.obj
c:\users\rasiel\documents\github\engine\vc\engine\debug\interfaceobject2d.obj
c:\users\rasiel\documents\github\engine\vc\engine\debug\fileoperation.obj
c:\users\rasiel\documents\github\engine\vc\engine\debug\engineinitialization.obj
c:\users\rasiel\documents\github\engine\vc\engine\debug\enginedirector.obj
c:\users\rasiel\documents\github\engine\vc\engine\debug\director.obj
c:\users\rasiel\documents\github\engine\vc\engine\debug\camera.obj
c:\users\rasiel\documents\github\engine\vc\engine\debug\bitmapsaver.obj
c:\users\rasiel\documents\github\engine\vc\engine\debug\world.obj
c:\users\rasiel\documents\github\engine\vc\engine\debug\main.obj
c:\users\rasiel\documents\github\engine\vc\engine\debug\actor.obj
c:\users\rasiel\documents\github\engine\vc\debug\engine.ilk
c:\users\rasiel\documents\github\engine\vc\debug\engine.exe
c:\users\rasiel\documents\github\engine\vc\debug\engine.pdb
c:\users\rasiel\documents\github\engine\vc\engine\debug\engine.tlog\cl.command.1.tlog
c:\users\rasiel\documents\github\engine\vc\engine\debug\engine.tlog\cl.read.1.tlog
c:\users\rasiel\documents\github\engine\vc\engine\debug\engine.tlog\cl.write.1.tlog
c:\users\rasiel\documents\github\engine\vc\engine\debug\engine.tlog\link.command.1.tlog
c:\users\rasiel\documents\github\engine\vc\engine\debug\engine.tlog\link.read.1.tlog
c:\users\rasiel\documents\github\engine\vc\engine\debug\engine.tlog\link.write.1.tlog
