Build started 31.10.14 21:56:28.
     1>Project "C:\Users\rasiel\Documents\GitHub\Glowy2D\GameDefault\GameDefault.vcxproj" on node 2 (Build target(s)).
     1>ClCompile:
         C:\Program Files (x86)\Microsoft Visual Studio 12.0\VC\bin\CL.exe /c /IC:\Users\rasiel\Documents\GitHub\Glowy2D\\Engine /IC:\Users\rasiel\Documents\GitHub\Glowy2D\\Engine\Source /I"C:\Users\rasiel\Documents\GitHub\Glowy2D\\Engine\Dependencies\zlib-1.2.8" /IC:\Users\rasiel\Documents\GitHub\Glowy2D\\Engine\Dependencies\lpng /IC:\Users\rasiel\Documents\GitHub\Glowy2D\\Engine\Dependencies\glm /IC:\Users\rasiel\Documents\GitHub\Glowy2D\\Engine\Dependencies\glfw\include /IC:\Users\rasiel\Documents\GitHub\Glowy2D\\Engine\Dependencies\glew\include /ZI /nologo /W3 /WX- /sdl /Od /Oy- /D _MBCS /Gm /EHsc /RTC1 /MDd /GS /fp:precise /Zc:wchar_t /Zc:forScope /Fo"Debug\\" /Fd"Debug\vc120.pdb" /Gd /TP /analyze- /errorReport:prompt Main.cpp
         Main.cpp
         Compiling precompiled headers.
         
       Link:
         C:\Program Files (x86)\Microsoft Visual Studio 12.0\VC\bin\link.exe /ERRORREPORT:PROMPT /OUT:"C:\Users\rasiel\Documents\GitHub\Glowy2D\Debug\GameDefault.exe" /INCREMENTAL /NOLOGO /LIBPATH:"C:\Users\rasiel\Documents\GitHub\Glowy2D\\Engine\Dependencies\lpng\projects\vstudio\zlib\Release Library" /LIBPATH:"C:\Users\rasiel\Documents\GitHub\Glowy2D\\Engine\Dependencies\lpng\projects\vstudio\Release Library" /LIBPATH:"C:\Users\rasiel\Documents\GitHub\Glowy2D\\Engine\Dependencies\glfw\lib-msvc120" /LIBPATH:C:\Users\rasiel\Documents\GitHub\Glowy2D\\Engine\Dependencies\glew\lib\Release\Win32 /LIBPATH:C:\Users\rasiel\Documents\GitHub\Glowy2D\Debug\ zlib.lib glfw3.lib glew32.lib opengl32.lib libpng16.lib kernel32.lib user32.lib gdi32.lib winspool.lib comdlg32.lib advapi32.lib shell32.lib ole32.lib oleaut32.lib uuid.lib odbc32.lib odbccp32.lib /MANIFEST /MANIFESTUAC:"level='asInvoker' uiAccess='false'" /manifest:embed /DEBUG /PDB:"C:\Users\rasiel\Documents\GitHub\Glowy2D\Debug\GameDefault.pdb" /TLBID:1 /DYNAMICBASE /NXCOMPAT /IMPLIB:"C:\Users\rasiel\Documents\GitHub\Glowy2D\Debug\GameDefault.lib" /MACHINE:X86 Debug\Main.obj
         C:\Users\rasiel\Documents\GitHub\Glowy2D\Debug\Engine.lib
         libpng16.lib(png.obj) : MSIL .netmodule or module compiled with /GL found; restarting link with /LTCG; add /LTCG to the link command line to improve linker performance
     1>LINK : warning LNK4075: ignoring '/INCREMENTAL' due to '/LTCG' specification
     1>Main.obj : warning LNK4075: ignoring '/EDITANDCONTINUE' due to '/OPT:LBR' specification
     1>MSVCRTD.lib(cinitexe.obj) : warning LNK4098: defaultlib 'libcmt.lib' conflicts with use of other libs; use /NODEFAULTLIB:library
     1>MSVCRTD.lib(cinitexe.obj) : warning LNK4098: defaultlib 'msvcrt.lib' conflicts with use of other libs; use /NODEFAULTLIB:library
         Generating code
         Finished generating code
         GameDefault.vcxproj -> C:\Users\rasiel\Documents\GitHub\Glowy2D\Debug\GameDefault.exe
     1>Done Building Project "C:\Users\rasiel\Documents\GitHub\Glowy2D\GameDefault\GameDefault.vcxproj" (Build target(s)).

Build succeeded.

Time Elapsed 00:00:05.58
